SUMMARY OF C0NVERGENCE INFORMATION
  STEP   INC  ATT   ITER     CONT.   RESID.        CORR.      RESID.      CORR.
                              EL.    FORCE         DISP       FLUX        TEMP.
                              (#)     (%)           (%)        (%)         (%)
     1     1     1     1        0  0.1434E+04  0.1000E+03  0.0000E+00  0.0000E+00
     1     1     1     2        0  0.1434E+04  0.3333E+02  0.0000E+00  0.0000E+00
     1     1     1     3        0  0.1434E+04  0.2222E+02  0.0000E+00  0.0000E+00
     1     1     1     4        0  0.1434E+04  0.1481E+02  0.0000E+00  0.0000E+00
     1     1     1     5        0  0.1434E+04  0.9876E+01  0.0000E+00  0.0000E+00
     1     1     1     6        0  0.1434E+04  0.6584E+01  0.0000E+00  0.0000E+00
     1     1     1     7        0  0.1434E+04  0.4390E+01  0.0000E+00  0.0000E+00
     1     1     1     8        0  0.1434E+04  0.2926E+01  0.0000E+00  0.0000E+00
     1     1     1     9        0  0.1434E+04  0.1951E+01  0.0000E+00  0.0000E+00
     1     1     1    10        0  0.1434E+04  0.1301E+01  0.0000E+00  0.0000E+00
     1     1     2     1        0  0.1434E+04  0.1000E+03  0.0000E+00  0.0000E+00
     1     1     2     2        0  0.1434E+04  0.3333E+02  0.0000E+00  0.0000E+00
     1     1     2     3        0  0.1434E+04  0.2222E+02  0.0000E+00  0.0000E+00
     1     1     2     4        0  0.1434E+04  0.1481E+02  0.0000E+00  0.0000E+00
     1     1     2     5        0  0.1434E+04  0.9877E+01  0.0000E+00  0.0000E+00
     1     1     2     6        0  0.1434E+04  0.6584E+01  0.0000E+00  0.0000E+00
     1     1     2     7        0  0.1434E+04  0.4390E+01  0.0000E+00  0.0000E+00
     1     1     2     8        0  0.1434E+04  0.2926E+01  0.0000E+00  0.0000E+00
     1     1     2     9        0  0.1434E+04  0.1951E+01  0.0000E+00  0.0000E+00
     1     1     2    10        0  0.1434E+04  0.1300E+01  0.0000E+00  0.0000E+00
     1     1     3     1        0  0.1434E+04  0.1000E+03  0.0000E+00  0.0000E+00
     1     1     3     2        0  0.1434E+04  0.3333E+02  0.0000E+00  0.0000E+00
     1     1     3     3        0  0.1434E+04  0.2222E+02  0.0000E+00  0.0000E+00
     1     1     3     4        0  0.1434E+04  0.1481E+02  0.0000E+00  0.0000E+00
     1     1     3     5        0  0.1434E+04  0.9876E+01  0.0000E+00  0.0000E+00
     1     1     3     6        0  0.1434E+04  0.6584E+01  0.0000E+00  0.0000E+00
     1     1     3     7        0  0.1434E+04  0.4389E+01  0.0000E+00  0.0000E+00
     1     1     3     8        0  0.1434E+04  0.2925E+01  0.0000E+00  0.0000E+00
     1     1     3     9        0  0.1434E+04  0.1949E+01  0.0000E+00  0.0000E+00
     1     1     3    10        0  0.1435E+04  0.1297E+01  0.0000E+00  0.0000E+00
     1     1     4     1        0  0.1434E+04  0.1000E+03  0.0000E+00  0.0000E+00
     1     1     4     2        0  0.1434E+04  0.3333E+02  0.0000E+00  0.0000E+00
     1     1     4     3        0  0.1434E+04  0.2222E+02  0.0000E+00  0.0000E+00
     1     1     4     4        0  0.1434E+04  0.1481E+02  0.0000E+00  0.0000E+00
     1     1     4     5        0  0.1434E+04  0.9874E+01  0.0000E+00  0.0000E+00
     1     1     4     6        0  0.1434E+04  0.6582E+01  0.0000E+00  0.0000E+00
     1     1     4     7        0  0.1434E+04  0.4385E+01  0.0000E+00  0.0000E+00
     1     1     4     8        0  0.1435E+04  0.2919E+01  0.0000E+00  0.0000E+00
     1     1     4     9        0  0.1435E+04  0.1939E+01  0.0000E+00  0.0000E+00
     1     1     4    10        0  0.1436E+04  0.1283E+01  0.0000E+00  0.0000E+00
     1     1     5     1        0  0.1434E+04  0.1000E+03  0.0000E+00  0.0000E+00
     1     1     5     2        0  0.1434E+04  0.3333E+02  0.0000E+00  0.0000E+00
     1     1     5     3        0  0.1434E+04  0.2222E+02  0.0000E+00  0.0000E+00
     1     1     5     4        0  0.1434E+04  0.1481E+02  0.0000E+00  0.0000E+00
     1     1     5     5        0  0.1434E+04  0.9863E+01  0.0000E+00  0.0000E+00
     1     1     5     6        0  0.2349E+05  0.6587E+01  0.0000E+00  0.0000E+00
     1     1     5     7        0  0.2352E+05  0.4359E+01  0.0000E+00  0.0000E+00
     1     1     6     1        0  0.1434E+04  0.1000E+03  0.0000E+00  0.0000E+00
     1     1     6     2        0  0.1434E+04  0.3326E+02  0.0000E+00  0.0000E+00
     1     1     6     3        0  0.1434E+04  0.2212E+02  0.0000E+00  0.0000E+00
     1     1     6     4        0  0.1435E+04  0.1468E+02  0.0000E+00  0.0000E+00
     1     1     6     5        0  0.1483E+04  0.9698E+01  0.0000E+00  0.0000E+00
     1     1     6     6        0  0.1488E+04  0.6344E+01  0.0000E+00  0.0000E+00
     1     1     6     7        0  0.1500E+04  0.4073E+01  0.0000E+00  0.0000E+00
     1     1     6     8        0  0.1645E+04  0.2511E+01  0.0000E+00  0.0000E+00
     1     1     6     9        0  0.1697E+04  0.1430E+01  0.0000E+00  0.0000E+00
     1     1     6    10        0  0.3031E+05  0.6839E+00  0.0000E+00  0.0000E+00
     1     1     6    11        0  0.1642E+07  0.3996E+00  0.0000E+00  0.0000E+00
     1     1     7     1        0  0.1434E+04  0.1000E+03  0.0000E+00  0.0000E+00
     1     1     7     2        0  0.1437E+04  0.3236E+02  0.0000E+00  0.0000E+00
     1     1     7     3        0  0.1444E+04  0.2110E+02  0.0000E+00  0.0000E+00
     1     1     7     4        0  0.1459E+04  0.1344E+02  0.0000E+00  0.0000E+00
     1     1     7     5        0  0.1493E+04  0.8174E+01  0.0000E+00  0.0000E+00
     1     1     7     6        0  0.1550E+04  0.4485E+01  0.0000E+00  0.0000E+00
     1     1     7     7        0  0.1456E+04  0.1967E+01  0.0000E+00  0.0000E+00
     1     1     7     8        0  0.3758E+03  0.5279E+00  0.0000E+00  0.0000E+00
     1     1     7     9        0  0.9733E+03  0.2426E+01  0.0000E+00  0.0000E+00
     1     1     7    10        0  0.2211E+03  0.3192E+00  0.0000E+00  0.0000E+00
     1     1     7    11        0  0.9041E+03  0.3729E+01  0.0000E+00  0.0000E+00
     1     1     7    12        0  0.1603E+03  0.4914E+00  0.0000E+00  0.0000E+00
     1     1     7    13        0  0.1478E+04  0.2589E+01  0.0000E+00  0.0000E+00
     1     1     7    14        0  0.1910E+03  0.4855E+00  0.0000E+00  0.0000E+00
     1     1     8     1        0  0.1415E+04  0.1000E+03  0.0000E+00  0.0000E+00
     1     1     8     2        0  0.1464E+04  0.2469E+02  0.0000E+00  0.0000E+00
     1     1     8     3        0  0.1541E+04  0.1289E+02  0.0000E+00  0.0000E+00
     1     1     8     4        0  0.1367E+04  0.5266E+01  0.0000E+00  0.0000E+00
     1     1     8     5        0  0.1715E+03  0.1824E+01  0.0000E+00  0.0000E+00
     1     1     8     6        0  0.1676E+03  0.1739E+01  0.0000E+00  0.0000E+00
     1     1     8     7        0  0.1035E+03  0.9598E+00  0.0000E+00  0.0000E+00
     1     1     8     8        0  0.2884E+03  0.3333E+01  0.0000E+00  0.0000E+00
     1     1     8     9        0  0.2246E+02  0.4807E+00  0.0000E+00  0.0000E+00
     1     1     8    10        0  0.1035E+04  0.9127E+01  0.0000E+00  0.0000E+00
     1     1     8    11        0  0.6888E+02  0.9257E+00  0.0000E+00  0.0000E+00
     1     1     9     1        0  0.1222E+04  0.1000E+03  0.0000E+00  0.0000E+00
     1     1     9     2        0  0.1259E+04  0.1505E+02  0.0000E+00  0.0000E+00
     1     1     9     3        0  0.7164E+02  0.1545E+01  0.0000E+00  0.0000E+00
     1     1     9     4        0  0.1628E+02  0.9371E+00  0.0000E+00  0.0000E+00
     1     1     9     5        0  0.1992E+02  0.1984E+01  0.0000E+00  0.0000E+00
     1     1     9     6        0  0.8684E+00  0.3773E+00  0.0000E+00  0.0000E+00
     1     1     9     7        0  0.2324E+00  0.2201E+00  0.0000E+00  0.0000E+00
     1     2     1     1        0  0.2178E+04  0.2202E+02  0.0000E+00  0.0000E+00
     1     2     1     2        0  0.2980E+03  0.4139E+01  0.0000E+00  0.0000E+00
     1     2     1     3        0  0.1622E+02  0.1617E+01  0.0000E+00  0.0000E+00
     1     2     1     4        0  0.1954E+03  0.6268E+01  0.0000E+00  0.0000E+00
     1     2     1     5        0  0.3921E+00  0.1284E+00  0.0000E+00  0.0000E+00
     1     3     1     1        0  0.2728E+04  0.2793E+02  0.0000E+00  0.0000E+00
     1     3     1     2        0  0.2155E+03  0.5620E+01  0.0000E+00  0.0000E+00
     1     3     1     3        0  0.1678E+02  0.2246E+01  0.0000E+00  0.0000E+00
     1     3     1     4        0  0.9059E+02  0.5637E+01  0.0000E+00  0.0000E+00
     1     3     1     5        0  0.2176E+00  0.3662E+00  0.0000E+00  0.0000E+00
     1     4     1     1        0  0.2497E+04  0.3305E+02  0.0000E+00  0.0000E+00
     1     4     1     2        0  0.1268E+03  0.6203E+01  0.0000E+00  0.0000E+00
     1     4     1     3        0  0.2171E+02  0.3638E+01  0.0000E+00  0.0000E+00
     1     4     1     4        0  0.2561E+01  0.3884E+00  0.0000E+00  0.0000E+00
     1     4     1     5        0  0.3456E+01  0.2542E+01  0.0000E+00  0.0000E+00
     1     4     1     6        0  0.8468E+00  0.1314E+01  0.0000E+00  0.0000E+00
     1     4     1     7        0  0.8115E-01  0.4334E+00  0.0000E+00  0.0000E+00
     1     5     1     1        0  0.1586E+04  0.2565E+02  0.0000E+00  0.0000E+00
     1     5     1     2        0  0.4439E+02  0.4315E+01  0.0000E+00  0.0000E+00
     1     5     1     3        0  0.2259E+02  0.4595E+01  0.0000E+00  0.0000E+00
     1     5     1     4        0  0.2408E+01  0.2368E+01  0.0000E+00  0.0000E+00
     1     5     1     5        0  0.4540E+00  0.1042E+01  0.0000E+00  0.0000E+00
     1     6     1     1        0  0.8085E+03  0.2052E+02  0.0000E+00  0.0000E+00
     1     6     1     2        0  0.1362E+02  0.3248E+01  0.0000E+00  0.0000E+00
     1     6     1     3        0  0.4212E+02  0.1011E+02  0.0000E+00  0.0000E+00
     1     6     1     4        0  0.1111E+01  0.9083E+00  0.0000E+00  0.0000E+00
     1     6     1     5        0  0.1226E+01  0.1567E+01  0.0000E+00  0.0000E+00
     1     6     1     6        0  0.1423E+02  0.7337E+01  0.0000E+00  0.0000E+00
     1     6     2     1        0  0.3055E+02  0.1535E+02  0.0000E+00  0.0000E+00
     1     6     2     2        0  0.6877E+00  0.4796E+01  0.0000E+00  0.0000E+00
     1     6     2     3        0  0.4689E+01  0.1418E+02  0.0000E+00  0.0000E+00
     1     6     2     4        0  0.4621E+01  0.1702E+02  0.0000E+00  0.0000E+00
     1     6     3     1        0  0.1510E+01  0.1294E+02  0.0000E+00  0.0000E+00
     1     6     3     2        0  0.1090E-01  0.2825E+01  0.0000E+00  0.0000E+00
     1     7     1     1        0  0.1664E-01  0.3057E+01  0.0000E+00  0.0000E+00
     1     7     1     2        0  0.5622E+00  0.2158E+02  0.0000E+00  0.0000E+00
     1     7     1     3        0  0.2263E+01  0.4645E+02  0.0000E+00  0.0000E+00
     1     7     1     4        0  0.2985E+01  0.5630E+02  0.0000E+00  0.0000E+00
